<?xml version="1.0" encoding="UTF-8"?>
<!-- Generated by org.testng.reporters.JUnitReportReporter -->
<testsuite hostname="BHARATH" failures="0" tests="3" name="testngproj.TestNGAnnotation" time="0.041" errors="0" timestamp="2021-05-09T15:21:13 IST" skipped="0">
  <testcase classname="testngproj.TestNGAnnotation" name="testRegistration" time="0.016"/>
  <system-out/>
  <testcase classname="testngproj.TestNGAnnotation" name="testLogin" time="0.005"/>
  <system-out/>
  <testcase classname="testngproj.TestNGAnnotation" name="testHomepage" time="0.020"/>
  <system-out/>
</testsuite> <!-- testngproj.TestNGAnnotation -->
