<?xml version="1.0" encoding="UTF-8"?>
<!-- Generated by org.testng.reporters.JUnitReportReporter -->
<testsuite hostname="BHARATH" failures="0" tests="3" name="apack.DataProviderClassB" time="0.027" errors="0" timestamp="2021-05-10T18:34:31 IST" skipped="0">
  <testcase classname="apack.DataProviderClassB" name="loginTest" time="0.004"/>
  <system-out/>
  <testcase classname="apack.DataProviderClassB" name="loginTest" time="0.003"/>
  <system-out/>
  <testcase classname="apack.DataProviderClassB" name="loginTest" time="0.020"/>
  <system-out/>
</testsuite> <!-- apack.DataProviderClassB -->
