<?xml version="1.0" encoding="UTF-8"?>
<!-- Generated by org.testng.reporters.JUnitReportReporter -->
<testsuite hostname="BHARATH" failures="0" tests="1" name="apack.ClassOne" time="0.027" errors="0" timestamp="2021-05-10T17:49:16 IST" skipped="0">
  <testcase classname="apack.ClassOne" name="testOne" time="0.027"/>
  <system-out/>
</testsuite> <!-- apack.ClassOne -->
