<?xml version="1.0" encoding="UTF-8"?>
<!-- Generated by org.testng.reporters.JUnitReportReporter -->
<testsuite hostname="BHARATH" failures="0" tests="5" name="apack.ClassA" time="2.070" errors="0" timestamp="2021-05-10T17:53:11 IST" skipped="1">
  <testcase classname="apack.ClassA" name="Amazon" time="0.005"/>
  <system-out/>
  <testcase classname="apack.ClassA" name="Zomato" time="0.025"/>
  <system-out/>
  <testcase classname="apack.ClassA" name="MakeMyTrip" time="2.032"/>
  <system-out/>
  <testcase classname="apack.ClassA" name="SnapDeal" time="0.008"/>
  <system-out/>
  <testcase classname="apack.ClassA" name="Flipkart">
    <skipped/>
  </testcase> <!-- Flipkart -->
  <system-out/>
</testsuite> <!-- apack.ClassA -->
