<?xml version="1.0" encoding="UTF-8"?>
<!-- Generated by org.testng.reporters.JUnitReportReporter -->
<testsuite hostname="BHARATH" failures="0" tests="1" name="testngproj.SkipExceptionTestNG" time="0.025" errors="0" timestamp="2021-05-09T07:14:38 IST" skipped="0">
  <testcase classname="testngproj.SkipExceptionTestNG" name="skipExceptionUsingTestNG" time="0.025"/>
  <system-out/>
</testsuite> <!-- testngproj.SkipExceptionTestNG -->
