<?xml version="1.0" encoding="UTF-8"?>
<!-- Generated by org.testng.reporters.JUnitReportReporter -->
<testsuite hostname="BHARATH" failures="0" tests="3" name="datadriven.DataDrivenTest" time="55.400" errors="0" timestamp="2021-05-22T12:25:57 IST" skipped="0">
  <testcase classname="datadriven.DataDrivenTest" name="login" time="25.247"/>
  <system-out/>
  <testcase classname="datadriven.DataDrivenTest" name="login" time="10.651"/>
  <system-out/>
  <testcase classname="datadriven.DataDrivenTest" name="login" time="19.502"/>
  <system-out/>
</testsuite> <!-- datadriven.DataDrivenTest -->
