<?xml version="1.0" encoding="UTF-8"?>
<!-- Generated by org.testng.reporters.JUnitReportReporter -->
<testsuite hostname="BHARATH" failures="0" tests="1" name="cpack.ClassSeven" time="0.003" errors="0" timestamp="2021-05-10T16:11:37 IST" skipped="0">
  <testcase classname="cpack.ClassSeven" name="testSeven" time="0.003"/>
  <system-out/>
</testsuite> <!-- cpack.ClassSeven -->
