<?xml version="1.0" encoding="UTF-8"?>
<!-- Generated by org.testng.reporters.JUnitReportReporter -->
<testsuite hostname="BHARATH" failures="0" tests="1" name="apack.ClassTwo" time="0.017" errors="0" timestamp="2021-05-10T19:23:33 IST" skipped="0">
  <testcase classname="apack.ClassTwo" name="testTwo" time="0.017"/>
  <system-out/>
</testsuite> <!-- apack.ClassTwo -->
