<?xml version="1.0" encoding="UTF-8"?>
<!-- Generated by org.testng.reporters.JUnitReportReporter -->
<testsuite hostname="BHARATH" failures="0" tests="1" name="testngproj.TestNGDemo" time="29.107" errors="0" timestamp="2021-05-08T23:11:53 IST" skipped="0">
  <testcase classname="testngproj.TestNGDemo" name="sampleTestNG" time="29.107"/>
  <system-out/>
</testsuite> <!-- testngproj.TestNGDemo -->
