<?xml version="1.0" encoding="UTF-8"?>
<!-- Generated by org.testng.reporters.JUnitReportReporter -->
<testsuite hostname="BHARATH" failures="0" tests="3" name="testngproj.TestNGSample" time="0.034" errors="0" timestamp="2021-05-09T09:20:42 IST" skipped="0">
  <testcase classname="testngproj.TestNGSample" name="testRegistrationMethod" time="0.026"/>
  <system-out/>
  <testcase classname="testngproj.TestNGSample" name="testLoginMethod" time="0.004"/>
  <system-out/>
  <testcase classname="testngproj.TestNGSample" name="testHomePageMethod" time="0.004"/>
  <system-out/>
</testsuite> <!-- testngproj.TestNGSample -->
