<?xml version="1.0" encoding="UTF-8"?>
<!-- Generated by org.testng.reporters.JUnitReportReporter -->
<testsuite hostname="BHARATH" failures="0" tests="3" name="testngproj.TestNGAnnotationOne" time="0.026" errors="0" timestamp="2021-05-09T15:13:38 IST" skipped="0">
  <testcase classname="testngproj.TestNGAnnotationOne" name="testRegistration" time="0.020"/>
  <system-out/>
  <testcase classname="testngproj.TestNGAnnotationOne" name="testLogin" time="0.003"/>
  <system-out/>
  <testcase classname="testngproj.TestNGAnnotationOne" name="testHomepage" time="0.003"/>
  <system-out/>
</testsuite> <!-- testngproj.TestNGAnnotationOne -->
